This file contains any messages produced by compilers while
running configure, to aid debugging if configure makes a mistake.

It was created by matchbox-panel configure 0.9.3, which was
generated by GNU Autoconf 2.59.  Invocation command line was

  $ ./configure --prefix=/usr --enable-nls --enable-small-icons

## --------- ##
## Platform. ##
## --------- ##

hostname = debian-steven
uname -m = i686
uname -r = 2.4.27-2-386
uname -s = Linux
uname -v = #1 Wed Aug 17 09:33:35 UTC 2005

/usr/bin/uname -p = unknown
/bin/uname -X     = unknown

/bin/arch              = i686
/usr/bin/arch -k       = unknown
/usr/convex/getsysinfo = unknown
hostinfo               = unknown
/bin/machine           = unknown
/usr/bin/oslevel       = unknown
/bin/universe          = unknown

PATH: /usr/local/bin
PATH: /usr/local/sbin
PATH: /sbin
PATH: /usr/sbin
PATH: /bin
PATH: /usr/bin
PATH: /usr/bin/X11
PATH: /usr/games


## ----------- ##
## Core tests. ##
## ----------- ##

configure:1388: checking for a BSD-compatible install
configure:1443: result: /usr/bin/install -c
configure:1454: checking whether build environment is sane
configure:1497: result: yes
configure:1562: checking for gawk
configure:1591: result: no
configure:1562: checking for mawk
configure:1578: found /usr/bin/mawk
configure:1588: result: mawk
configure:1598: checking whether make sets $(MAKE)
configure:1618: result: yes
configure:1786: checking whether to enable maintainer-specific portions of Makefiles
configure:1795: result: no
configure:1866: checking for gcc
configure:1882: found /usr/bin/gcc
configure:1892: result: gcc
configure:2136: checking for C compiler version
configure:2139: gcc --version </dev/null >&5
gcc (GCC) 3.3.5 (Debian 1:3.3.5-13)
Copyright (C) 2003 Free Software Foundation, Inc.
This is free software; see the source for copying conditions.  There is NO
warranty; not even for MERCHANTABILITY or FITNESS FOR A PARTICULAR PURPOSE.

configure:2142: $? = 0
configure:2144: gcc -v </dev/null >&5
Reading specs from /usr/lib/gcc-lib/i486-linux/3.3.5/specs
Configured with: ../src/configure -v --enable-languages=c,c++,java,f77,pascal,objc,ada,treelang --prefix=/usr --mandir=/usr/share/man --infodir=/usr/share/info --with-gxx-include-dir=/usr/include/c++/3.3 --enable-shared --enable-__cxa_atexit --with-system-zlib --enable-nls --without-included-gettext --enable-clocale=gnu --enable-debug --enable-java-gc=boehm --enable-java-awt=xlib --enable-objc-gc i486-linux
Thread model: posix
gcc version 3.3.5 (Debian 1:3.3.5-13)
configure:2147: $? = 0
configure:2149: gcc -V </dev/null >&5
gcc: `-V' option must have argument
configure:2152: $? = 1
configure:2175: checking for C compiler default output file name
configure:2178: gcc    conftest.c  >&5
configure:2181: $? = 0
configure:2227: result: a.out
configure:2232: checking whether the C compiler works
configure:2238: ./a.out
configure:2241: $? = 0
configure:2258: result: yes
configure:2265: checking whether we are cross compiling
configure:2267: result: no
configure:2270: checking for suffix of executables
configure:2272: gcc -o conftest    conftest.c  >&5
configure:2275: $? = 0
configure:2300: result: 
configure:2306: checking for suffix of object files
configure:2327: gcc -c   conftest.c >&5
configure:2330: $? = 0
configure:2352: result: o
configure:2356: checking whether we are using the GNU C compiler
configure:2380: gcc -c   conftest.c >&5
configure:2386: $? = 0
configure:2389: test -z 			 || test ! -s conftest.err
configure:2392: $? = 0
configure:2395: test -s conftest.o
configure:2398: $? = 0
configure:2411: result: yes
configure:2417: checking whether gcc accepts -g
configure:2438: gcc -c -g  conftest.c >&5
configure:2444: $? = 0
configure:2447: test -z 			 || test ! -s conftest.err
configure:2450: $? = 0
configure:2453: test -s conftest.o
configure:2456: $? = 0
configure:2467: result: yes
configure:2484: checking for gcc option to accept ANSI C
configure:2554: gcc  -c -g -O2  conftest.c >&5
configure:2560: $? = 0
configure:2563: test -z 			 || test ! -s conftest.err
configure:2566: $? = 0
configure:2569: test -s conftest.o
configure:2572: $? = 0
configure:2590: result: none needed
configure:2608: gcc -c -g -O2  conftest.c >&5
conftest.c:2: error: syntax error before "me"
configure:2614: $? = 1
configure: failed program was:
| #ifndef __cplusplus
|   choke me
| #endif
configure:2755: checking for style of include used by make
configure:2783: result: GNU
configure:2811: checking dependency style of gcc
configure:2901: result: gcc3
configure:2927: checking for dirent.h that defines DIR
configure:2951: gcc -c -g -O2  conftest.c >&5
configure:2957: $? = 0
configure:2960: test -z 			 || test ! -s conftest.err
configure:2963: $? = 0
configure:2966: test -s conftest.o
configure:2969: $? = 0
configure:2980: result: yes
configure:2993: checking for library containing opendir
configure:3023: gcc -o conftest -g -O2   conftest.c  >&5
configure:3029: $? = 0
configure:3032: test -z 			 || test ! -s conftest.err
configure:3035: $? = 0
configure:3038: test -s conftest
configure:3041: $? = 0
configure:3110: result: none required
configure:3249: checking how to run the C preprocessor
configure:3284: gcc -E  conftest.c
configure:3290: $? = 0
configure:3322: gcc -E  conftest.c
conftest.c:13:28: ac_nonexistent.h: No such file or directory
configure:3328: $? = 1
configure: failed program was:
| /* confdefs.h.  */
| 
| #define PACKAGE_NAME "matchbox-panel"
| #define PACKAGE_TARNAME "matchbox-panel"
| #define PACKAGE_VERSION "0.9.3"
| #define PACKAGE_STRING "matchbox-panel 0.9.3"
| #define PACKAGE_BUGREPORT "mallum@handhelds.org"
| #define PACKAGE "matchbox-panel"
| #define VERSION "0.9.3"
| #define _GNU_SOURCE 1
| #define HAVE_DIRENT_H 1
| /* end confdefs.h.  */
| #include <ac_nonexistent.h>
configure:3367: result: gcc -E
configure:3391: gcc -E  conftest.c
configure:3397: $? = 0
configure:3429: gcc -E  conftest.c
conftest.c:13:28: ac_nonexistent.h: No such file or directory
configure:3435: $? = 1
configure: failed program was:
| /* confdefs.h.  */
| 
| #define PACKAGE_NAME "matchbox-panel"
| #define PACKAGE_TARNAME "matchbox-panel"
| #define PACKAGE_VERSION "0.9.3"
| #define PACKAGE_STRING "matchbox-panel 0.9.3"
| #define PACKAGE_BUGREPORT "mallum@handhelds.org"
| #define PACKAGE "matchbox-panel"
| #define VERSION "0.9.3"
| #define _GNU_SOURCE 1
| #define HAVE_DIRENT_H 1
| /* end confdefs.h.  */
| #include <ac_nonexistent.h>
configure:3479: checking for egrep
configure:3489: result: grep -E
configure:3494: checking for ANSI C header files
configure:3519: gcc -c -g -O2  conftest.c >&5
configure:3525: $? = 0
configure:3528: test -z 			 || test ! -s conftest.err
configure:3531: $? = 0
configure:3534: test -s conftest.o
configure:3537: $? = 0
configure:3623: gcc -o conftest -g -O2   conftest.c  >&5
configure:3626: $? = 0
configure:3628: ./conftest
configure:3631: $? = 0
configure:3646: result: yes
configure:3656: checking for sys/wait.h that is POSIX.1 compatible
configure:3687: gcc -c -g -O2  conftest.c >&5
configure:3693: $? = 0
configure:3696: test -z 			 || test ! -s conftest.err
configure:3699: $? = 0
configure:3702: test -s conftest.o
configure:3705: $? = 0
configure:3716: result: yes
configure:3740: checking for sys/types.h
configure:3756: gcc -c -g -O2  conftest.c >&5
configure:3762: $? = 0
configure:3765: test -z 			 || test ! -s conftest.err
configure:3768: $? = 0
configure:3771: test -s conftest.o
configure:3774: $? = 0
configure:3785: result: yes
configure:3740: checking for sys/stat.h
configure:3756: gcc -c -g -O2  conftest.c >&5
configure:3762: $? = 0
configure:3765: test -z 			 || test ! -s conftest.err
configure:3768: $? = 0
configure:3771: test -s conftest.o
configure:3774: $? = 0
configure:3785: result: yes
configure:3740: checking for stdlib.h
configure:3756: gcc -c -g -O2  conftest.c >&5
configure:3762: $? = 0
configure:3765: test -z 			 || test ! -s conftest.err
configure:3768: $? = 0
configure:3771: test -s conftest.o
configure:3774: $? = 0
configure:3785: result: yes
configure:3740: checking for string.h
configure:3756: gcc -c -g -O2  conftest.c >&5
configure:3762: $? = 0
configure:3765: test -z 			 || test ! -s conftest.err
configure:3768: $? = 0
configure:3771: test -s conftest.o
configure:3774: $? = 0
configure:3785: result: yes
configure:3740: checking for memory.h
configure:3756: gcc -c -g -O2  conftest.c >&5
configure:3762: $? = 0
configure:3765: test -z 			 || test ! -s conftest.err
configure:3768: $? = 0
configure:3771: test -s conftest.o
configure:3774: $? = 0
configure:3785: result: yes
configure:3740: checking for strings.h
configure:3756: gcc -c -g -O2  conftest.c >&5
configure:3762: $? = 0
configure:3765: test -z 			 || test ! -s conftest.err
configure:3768: $? = 0
configure:3771: test -s conftest.o
configure:3774: $? = 0
configure:3785: result: yes
configure:3740: checking for inttypes.h
configure:3756: gcc -c -g -O2  conftest.c >&5
configure:3762: $? = 0
configure:3765: test -z 			 || test ! -s conftest.err
configure:3768: $? = 0
configure:3771: test -s conftest.o
configure:3774: $? = 0
configure:3785: result: yes
configure:3740: checking for stdint.h
configure:3756: gcc -c -g -O2  conftest.c >&5
configure:3762: $? = 0
configure:3765: test -z 			 || test ! -s conftest.err
configure:3768: $? = 0
configure:3771: test -s conftest.o
configure:3774: $? = 0
configure:3785: result: yes
configure:3740: checking for unistd.h
configure:3756: gcc -c -g -O2  conftest.c >&5
configure:3762: $? = 0
configure:3765: test -z 			 || test ! -s conftest.err
configure:3768: $? = 0
configure:3771: test -s conftest.o
configure:3774: $? = 0
configure:3785: result: yes
configure:3815: checking libintl.h usability
configure:3827: gcc -c -g -O2  conftest.c >&5
configure:3833: $? = 0
configure:3836: test -z 			 || test ! -s conftest.err
configure:3839: $? = 0
configure:3842: test -s conftest.o
configure:3845: $? = 0
configure:3855: result: yes
configure:3859: checking libintl.h presence
configure:3869: gcc -E  conftest.c
configure:3875: $? = 0
configure:3895: result: yes
configure:3930: checking for libintl.h
configure:3937: result: yes
configure:3806: checking for stdlib.h
configure:3811: result: yes
configure:3806: checking for string.h
configure:3811: result: yes
configure:3815: checking sys/time.h usability
configure:3827: gcc -c -g -O2  conftest.c >&5
configure:3833: $? = 0
configure:3836: test -z 			 || test ! -s conftest.err
configure:3839: $? = 0
configure:3842: test -s conftest.o
configure:3845: $? = 0
configure:3855: result: yes
configure:3859: checking sys/time.h presence
configure:3869: gcc -E  conftest.c
configure:3875: $? = 0
configure:3895: result: yes
configure:3930: checking for sys/time.h
configure:3937: result: yes
configure:3806: checking for unistd.h
configure:3811: result: yes
configure:3952: checking for an ANSI C-conforming const
configure:4019: gcc -c -g -O2  conftest.c >&5
configure:4025: $? = 0
configure:4028: test -z 			 || test ! -s conftest.err
configure:4031: $? = 0
configure:4034: test -s conftest.o
configure:4037: $? = 0
configure:4048: result: yes
configure:4058: checking for pid_t
configure:4082: gcc -c -g -O2  conftest.c >&5
configure:4088: $? = 0
configure:4091: test -z 			 || test ! -s conftest.err
configure:4094: $? = 0
configure:4097: test -s conftest.o
configure:4100: $? = 0
configure:4111: result: yes
configure:4123: checking whether time.h and sys/time.h may both be included
configure:4148: gcc -c -g -O2  conftest.c >&5
configure:4154: $? = 0
configure:4157: test -z 			 || test ! -s conftest.err
configure:4160: $? = 0
configure:4163: test -s conftest.o
configure:4166: $? = 0
configure:4177: result: yes
configure:4191: checking for working alloca.h
configure:4212: gcc -o conftest -g -O2   conftest.c  >&5
configure:4218: $? = 0
configure:4221: test -z 			 || test ! -s conftest.err
configure:4224: $? = 0
configure:4227: test -s conftest
configure:4230: $? = 0
configure:4242: result: yes
configure:4252: checking for alloca
configure:4293: gcc -o conftest -g -O2   conftest.c  >&5
configure:4299: $? = 0
configure:4302: test -z 			 || test ! -s conftest.err
configure:4305: $? = 0
configure:4308: test -s conftest
configure:4311: $? = 0
configure:4323: result: yes
configure:4545: checking whether closedir returns void
configure:4574: gcc -o conftest -g -O2   conftest.c  >&5
configure:4577: $? = 0
configure:4579: ./conftest
configure:4582: $? = 0
configure:4596: result: no
configure:4612: checking for unistd.h
configure:4617: result: yes
configure:4621: checking vfork.h usability
configure:4633: gcc -c -g -O2  conftest.c >&5
conftest.c:67:19: vfork.h: No such file or directory
configure:4639: $? = 1
configure: failed program was:
| /* confdefs.h.  */
| 
| #define PACKAGE_NAME "matchbox-panel"
| #define PACKAGE_TARNAME "matchbox-panel"
| #define PACKAGE_VERSION "0.9.3"
| #define PACKAGE_STRING "matchbox-panel 0.9.3"
| #define PACKAGE_BUGREPORT "mallum@handhelds.org"
| #define PACKAGE "matchbox-panel"
| #define VERSION "0.9.3"
| #define _GNU_SOURCE 1
| #define HAVE_DIRENT_H 1
| #define STDC_HEADERS 1
| #define HAVE_SYS_WAIT_H 1
| #define HAVE_SYS_TYPES_H 1
| #define HAVE_SYS_STAT_H 1
| #define HAVE_STDLIB_H 1
| #define HAVE_STRING_H 1
| #define HAVE_MEMORY_H 1
| #define HAVE_STRINGS_H 1
| #define HAVE_INTTYPES_H 1
| #define HAVE_STDINT_H 1
| #define HAVE_UNISTD_H 1
| #define HAVE_LIBINTL_H 1
| #define HAVE_STDLIB_H 1
| #define HAVE_STRING_H 1
| #define HAVE_SYS_TIME_H 1
| #define HAVE_UNISTD_H 1
| #define TIME_WITH_SYS_TIME 1
| #define HAVE_ALLOCA_H 1
| #define HAVE_ALLOCA 1
| #define HAVE_UNISTD_H 1
| /* end confdefs.h.  */
| #include <stdio.h>
| #if HAVE_SYS_TYPES_H
| # include <sys/types.h>
| #endif
| #if HAVE_SYS_STAT_H
| # include <sys/stat.h>
| #endif
| #if STDC_HEADERS
| # include <stdlib.h>
| # include <stddef.h>
| #else
| # if HAVE_STDLIB_H
| #  include <stdlib.h>
| # endif
| #endif
| #if HAVE_STRING_H
| # if !STDC_HEADERS && HAVE_MEMORY_H
| #  include <memory.h>
| # endif
| # include <string.h>
| #endif
| #if HAVE_STRINGS_H
| # include <strings.h>
| #endif
| #if HAVE_INTTYPES_H
| # include <inttypes.h>
| #else
| # if HAVE_STDINT_H
| #  include <stdint.h>
| # endif
| #endif
| #if HAVE_UNISTD_H
| # include <unistd.h>
| #endif
| #include <vfork.h>
configure:4661: result: no
configure:4665: checking vfork.h presence
configure:4675: gcc -E  conftest.c
conftest.c:33:19: vfork.h: No such file or directory
configure:4681: $? = 1
configure: failed program was:
| /* confdefs.h.  */
| 
| #define PACKAGE_NAME "matchbox-panel"
| #define PACKAGE_TARNAME "matchbox-panel"
| #define PACKAGE_VERSION "0.9.3"
| #define PACKAGE_STRING "matchbox-panel 0.9.3"
| #define PACKAGE_BUGREPORT "mallum@handhelds.org"
| #define PACKAGE "matchbox-panel"
| #define VERSION "0.9.3"
| #define _GNU_SOURCE 1
| #define HAVE_DIRENT_H 1
| #define STDC_HEADERS 1
| #define HAVE_SYS_WAIT_H 1
| #define HAVE_SYS_TYPES_H 1
| #define HAVE_SYS_STAT_H 1
| #define HAVE_STDLIB_H 1
| #define HAVE_STRING_H 1
| #define HAVE_MEMORY_H 1
| #define HAVE_STRINGS_H 1
| #define HAVE_INTTYPES_H 1
| #define HAVE_STDINT_H 1
| #define HAVE_UNISTD_H 1
| #define HAVE_LIBINTL_H 1
| #define HAVE_STDLIB_H 1
| #define HAVE_STRING_H 1
| #define HAVE_SYS_TIME_H 1
| #define HAVE_UNISTD_H 1
| #define TIME_WITH_SYS_TIME 1
| #define HAVE_ALLOCA_H 1
| #define HAVE_ALLOCA 1
| #define HAVE_UNISTD_H 1
| /* end confdefs.h.  */
| #include <vfork.h>
configure:4701: result: no
configure:4736: checking for vfork.h
configure:4743: result: no
configure:4761: checking for fork
configure:4818: gcc -o conftest -g -O2   conftest.c  >&5
configure:4824: $? = 0
configure:4827: test -z 			 || test ! -s conftest.err
configure:4830: $? = 0
configure:4833: test -s conftest
configure:4836: $? = 0
configure:4848: result: yes
configure:4761: checking for vfork
configure:4818: gcc -o conftest -g -O2   conftest.c  >&5
configure:4824: $? = 0
configure:4827: test -z 			 || test ! -s conftest.err
configure:4830: $? = 0
configure:4833: test -s conftest
configure:4836: $? = 0
configure:4848: result: yes
configure:4859: checking for working fork
configure:4882: gcc -o conftest -g -O2   conftest.c  >&5
configure:4885: $? = 0
configure:4887: ./conftest
configure:4890: $? = 0
configure:4904: result: yes
configure:4925: checking for working vfork
configure:5058: result: yes
configure:5104: checking sys/select.h usability
configure:5116: gcc -c -g -O2  conftest.c >&5
configure:5122: $? = 0
configure:5125: test -z 			 || test ! -s conftest.err
configure:5128: $? = 0
configure:5131: test -s conftest.o
configure:5134: $? = 0
configure:5144: result: yes
configure:5148: checking sys/select.h presence
configure:5158: gcc -E  conftest.c
configure:5164: $? = 0
configure:5184: result: yes
configure:5219: checking for sys/select.h
configure:5226: result: yes
configure:5104: checking sys/socket.h usability
configure:5116: gcc -c -g -O2  conftest.c >&5
configure:5122: $? = 0
configure:5125: test -z 			 || test ! -s conftest.err
configure:5128: $? = 0
configure:5131: test -s conftest.o
configure:5134: $? = 0
configure:5144: result: yes
configure:5148: checking sys/socket.h presence
configure:5158: gcc -E  conftest.c
configure:5164: $? = 0
configure:5184: result: yes
configure:5219: checking for sys/socket.h
configure:5226: result: yes
configure:5239: checking types of arguments for select
configure:5272: gcc -c -g -O2  conftest.c >&5
configure:5278: $? = 0
configure:5281: test -z 			 || test ! -s conftest.err
configure:5284: $? = 0
configure:5287: test -s conftest.o
configure:5290: $? = 0
configure:5306: result: int,fd_set *,struct timeval *
configure:5329: checking return type of signal handlers
configure:5360: gcc -c -g -O2  conftest.c >&5
configure:5366: $? = 0
configure:5369: test -z 			 || test ! -s conftest.err
configure:5372: $? = 0
configure:5375: test -s conftest.o
configure:5378: $? = 0
configure:5389: result: void
configure:5397: checking whether lstat dereferences a symlink specified with a trailing slash
configure:5428: gcc -o conftest -g -O2   conftest.c  >&5
configure:5431: $? = 0
configure:5433: ./conftest
configure:5436: $? = 0
configure:5457: result: yes
configure:5478: checking whether stat accepts an empty string
configure:5503: gcc -o conftest -g -O2   conftest.c  >&5
configure:5506: $? = 0
configure:5508: ./conftest
configure:5511: $? = 1
configure: program exited with status 1
configure: failed program was:
| /* confdefs.h.  */
| 
| #define PACKAGE_NAME "matchbox-panel"
| #define PACKAGE_TARNAME "matchbox-panel"
| #define PACKAGE_VERSION "0.9.3"
| #define PACKAGE_STRING "matchbox-panel 0.9.3"
| #define PACKAGE_BUGREPORT "mallum@handhelds.org"
| #define PACKAGE "matchbox-panel"
| #define VERSION "0.9.3"
| #define _GNU_SOURCE 1
| #define HAVE_DIRENT_H 1
| #define STDC_HEADERS 1
| #define HAVE_SYS_WAIT_H 1
| #define HAVE_SYS_TYPES_H 1
| #define HAVE_SYS_STAT_H 1
| #define HAVE_STDLIB_H 1
| #define HAVE_STRING_H 1
| #define HAVE_MEMORY_H 1
| #define HAVE_STRINGS_H 1
| #define HAVE_INTTYPES_H 1
| #define HAVE_STDINT_H 1
| #define HAVE_UNISTD_H 1
| #define HAVE_LIBINTL_H 1
| #define HAVE_STDLIB_H 1
| #define HAVE_STRING_H 1
| #define HAVE_SYS_TIME_H 1
| #define HAVE_UNISTD_H 1
| #define TIME_WITH_SYS_TIME 1
| #define HAVE_ALLOCA_H 1
| #define HAVE_ALLOCA 1
| #define HAVE_UNISTD_H 1
| #define HAVE_FORK 1
| #define HAVE_VFORK 1
| #define HAVE_WORKING_VFORK 1
| #define HAVE_WORKING_FORK 1
| #define HAVE_SYS_SELECT_H 1
| #define HAVE_SYS_SOCKET_H 1
| #define SELECT_TYPE_ARG1 int
| #define SELECT_TYPE_ARG234 (fd_set *)
| #define SELECT_TYPE_ARG5 (struct timeval *)
| #define RETSIGTYPE void
| #define LSTAT_FOLLOWS_SLASHED_SYMLINK 1
| /* end confdefs.h.  */
| #include <stdio.h>
| #if HAVE_SYS_TYPES_H
| # include <sys/types.h>
| #endif
| #if HAVE_SYS_STAT_H
| # include <sys/stat.h>
| #endif
| #if STDC_HEADERS
| # include <stdlib.h>
| # include <stddef.h>
| #else
| # if HAVE_STDLIB_H
| #  include <stdlib.h>
| # endif
| #endif
| #if HAVE_STRING_H
| # if !STDC_HEADERS && HAVE_MEMORY_H
| #  include <memory.h>
| # endif
| # include <string.h>
| #endif
| #if HAVE_STRINGS_H
| # include <strings.h>
| #endif
| #if HAVE_INTTYPES_H
| # include <inttypes.h>
| #else
| # if HAVE_STDINT_H
| #  include <stdint.h>
| # endif
| #endif
| #if HAVE_UNISTD_H
| # include <unistd.h>
| #endif
| int
| main ()
| {
| struct stat sbuf;
|   exit (stat ("", &sbuf) ? 1 : 0);
|   ;
|   return 0;
| }
configure:5525: result: no
configure:5558: checking for alarm
configure:5615: gcc -o conftest -g -O2   conftest.c  >&5
configure:5621: $? = 0
configure:5624: test -z 			 || test ! -s conftest.err
configure:5627: $? = 0
configure:5630: test -s conftest
configure:5633: $? = 0
configure:5645: result: yes
configure:5558: checking for getcwd
configure:5615: gcc -o conftest -g -O2   conftest.c  >&5
configure:5621: $? = 0
configure:5624: test -z 			 || test ! -s conftest.err
configure:5627: $? = 0
configure:5630: test -s conftest
configure:5633: $? = 0
configure:5645: result: yes
configure:5558: checking for gettimeofday
configure:5615: gcc -o conftest -g -O2   conftest.c  >&5
configure:5621: $? = 0
configure:5624: test -z 			 || test ! -s conftest.err
configure:5627: $? = 0
configure:5630: test -s conftest
configure:5633: $? = 0
configure:5645: result: yes
configure:5558: checking for memset
configure:5615: gcc -o conftest -g -O2   conftest.c  >&5
conftest.c:71: warning: conflicting types for built-in function `memset'
configure:5621: $? = 0
configure:5624: test -z 			 || test ! -s conftest.err
configure:5627: $? = 0
configure:5630: test -s conftest
configure:5633: $? = 0
configure:5645: result: yes
configure:5558: checking for mkdir
configure:5615: gcc -o conftest -g -O2   conftest.c  >&5
configure:5621: $? = 0
configure:5624: test -z 			 || test ! -s conftest.err
configure:5627: $? = 0
configure:5630: test -s conftest
configure:5633: $? = 0
configure:5645: result: yes
configure:5558: checking for select
configure:5615: gcc -o conftest -g -O2   conftest.c  >&5
configure:5621: $? = 0
configure:5624: test -z 			 || test ! -s conftest.err
configure:5627: $? = 0
configure:5630: test -s conftest
configure:5633: $? = 0
configure:5645: result: yes
configure:5558: checking for setenv
configure:5615: gcc -o conftest -g -O2   conftest.c  >&5
configure:5621: $? = 0
configure:5624: test -z 			 || test ! -s conftest.err
configure:5627: $? = 0
configure:5630: test -s conftest
configure:5633: $? = 0
configure:5645: result: yes
configure:5558: checking for setlocale
configure:5615: gcc -o conftest -g -O2   conftest.c  >&5
configure:5621: $? = 0
configure:5624: test -z 			 || test ! -s conftest.err
configure:5627: $? = 0
configure:5630: test -s conftest
configure:5633: $? = 0
configure:5645: result: yes
configure:5558: checking for strcasecmp
configure:5615: gcc -o conftest -g -O2   conftest.c  >&5
configure:5621: $? = 0
configure:5624: test -z 			 || test ! -s conftest.err
configure:5627: $? = 0
configure:5630: test -s conftest
configure:5633: $? = 0
configure:5645: result: yes
configure:5558: checking for strdup
configure:5615: gcc -o conftest -g -O2   conftest.c  >&5
configure:5621: $? = 0
configure:5624: test -z 			 || test ! -s conftest.err
configure:5627: $? = 0
configure:5630: test -s conftest
configure:5633: $? = 0
configure:5645: result: yes
configure:5558: checking for strpbrk
configure:5615: gcc -o conftest -g -O2   conftest.c  >&5
conftest.c:78: warning: conflicting types for built-in function `strpbrk'
configure:5621: $? = 0
configure:5624: test -z 			 || test ! -s conftest.err
configure:5627: $? = 0
configure:5630: test -s conftest
configure:5633: $? = 0
configure:5645: result: yes
configure:5558: checking for strstr
configure:5615: gcc -o conftest -g -O2   conftest.c  >&5
conftest.c:79: warning: conflicting types for built-in function `strstr'
configure:5621: $? = 0
configure:5624: test -z 			 || test ! -s conftest.err
configure:5627: $? = 0
configure:5630: test -s conftest
configure:5633: $? = 0
configure:5645: result: yes
configure:5760: checking for pkg-config
configure:5778: found /usr/bin/pkg-config
configure:5790: result: /usr/bin/pkg-config
configure:5805: checking pkg-config is at least version 0.9.0
configure:5808: result: yes
configure:5819: checking for LIBMB
configure:5824: $PKG_CONFIG --exists --print-errors "libmb >= 1.6"
configure:5827: $? = 0
configure:5838: $PKG_CONFIG --exists --print-errors "libmb >= 1.6"
configure:5841: $? = 0
configure:5866: result: yes
configure:5967: checking for gettext
configure:6024: gcc -o conftest -g -O2   conftest.c  >&5
configure:6030: $? = 0
configure:6033: test -z 			 || test ! -s conftest.err
configure:6036: $? = 0
configure:6039: test -s conftest
configure:6042: $? = 0
configure:6054: result: yes
configure:6133: checking for xgettext
configure:6149: found /usr/bin/xgettext
configure:6159: result: xgettext
configure:6168: checking for msgmerge
configure:6184: found /usr/bin/msgmerge
configure:6194: result: msgmerge
configure:6203: checking for msgfmt
configure:6219: found /usr/bin/msgfmt
configure:6229: result: msgfmt
configure:6281: checking for libmb xsettings support
configure:6295: result: no
configure:6372: checking apm.h usability
configure:6384: gcc -c -g -O2  conftest.c >&5
conftest.c:91:17: apm.h: No such file or directory
configure:6390: $? = 1
configure: failed program was:
| /* confdefs.h.  */
| 
| #define PACKAGE_NAME "matchbox-panel"
| #define PACKAGE_TARNAME "matchbox-panel"
| #define PACKAGE_VERSION "0.9.3"
| #define PACKAGE_STRING "matchbox-panel 0.9.3"
| #define PACKAGE_BUGREPORT "mallum@handhelds.org"
| #define PACKAGE "matchbox-panel"
| #define VERSION "0.9.3"
| #define _GNU_SOURCE 1
| #define HAVE_DIRENT_H 1
| #define STDC_HEADERS 1
| #define HAVE_SYS_WAIT_H 1
| #define HAVE_SYS_TYPES_H 1
| #define HAVE_SYS_STAT_H 1
| #define HAVE_STDLIB_H 1
| #define HAVE_STRING_H 1
| #define HAVE_MEMORY_H 1
| #define HAVE_STRINGS_H 1
| #define HAVE_INTTYPES_H 1
| #define HAVE_STDINT_H 1
| #define HAVE_UNISTD_H 1
| #define HAVE_LIBINTL_H 1
| #define HAVE_STDLIB_H 1
| #define HAVE_STRING_H 1
| #define HAVE_SYS_TIME_H 1
| #define HAVE_UNISTD_H 1
| #define TIME_WITH_SYS_TIME 1
| #define HAVE_ALLOCA_H 1
| #define HAVE_ALLOCA 1
| #define HAVE_UNISTD_H 1
| #define HAVE_FORK 1
| #define HAVE_VFORK 1
| #define HAVE_WORKING_VFORK 1
| #define HAVE_WORKING_FORK 1
| #define HAVE_SYS_SELECT_H 1
| #define HAVE_SYS_SOCKET_H 1
| #define SELECT_TYPE_ARG1 int
| #define SELECT_TYPE_ARG234 (fd_set *)
| #define SELECT_TYPE_ARG5 (struct timeval *)
| #define RETSIGTYPE void
| #define LSTAT_FOLLOWS_SLASHED_SYMLINK 1
| #define HAVE_ALARM 1
| #define HAVE_GETCWD 1
| #define HAVE_GETTIMEOFDAY 1
| #define HAVE_MEMSET 1
| #define HAVE_MKDIR 1
| #define HAVE_SELECT 1
| #define HAVE_SETENV 1
| #define HAVE_SETLOCALE 1
| #define HAVE_STRCASECMP 1
| #define HAVE_STRDUP 1
| #define HAVE_STRPBRK 1
| #define HAVE_STRSTR 1
| #define ENABLE_NLS 1
| /* end confdefs.h.  */
| #include <stdio.h>
| #if HAVE_SYS_TYPES_H
| # include <sys/types.h>
| #endif
| #if HAVE_SYS_STAT_H
| # include <sys/stat.h>
| #endif
| #if STDC_HEADERS
| # include <stdlib.h>
| # include <stddef.h>
| #else
| # if HAVE_STDLIB_H
| #  include <stdlib.h>
| # endif
| #endif
| #if HAVE_STRING_H
| # if !STDC_HEADERS && HAVE_MEMORY_H
| #  include <memory.h>
| # endif
| # include <string.h>
| #endif
| #if HAVE_STRINGS_H
| # include <strings.h>
| #endif
| #if HAVE_INTTYPES_H
| # include <inttypes.h>
| #else
| # if HAVE_STDINT_H
| #  include <stdint.h>
| # endif
| #endif
| #if HAVE_UNISTD_H
| # include <unistd.h>
| #endif
| #include <apm.h>
configure:6412: result: no
configure:6416: checking apm.h presence
configure:6426: gcc -E  conftest.c
conftest.c:57:17: apm.h: No such file or directory
configure:6432: $? = 1
configure: failed program was:
| /* confdefs.h.  */
| 
| #define PACKAGE_NAME "matchbox-panel"
| #define PACKAGE_TARNAME "matchbox-panel"
| #define PACKAGE_VERSION "0.9.3"
| #define PACKAGE_STRING "matchbox-panel 0.9.3"
| #define PACKAGE_BUGREPORT "mallum@handhelds.org"
| #define PACKAGE "matchbox-panel"
| #define VERSION "0.9.3"
| #define _GNU_SOURCE 1
| #define HAVE_DIRENT_H 1
| #define STDC_HEADERS 1
| #define HAVE_SYS_WAIT_H 1
| #define HAVE_SYS_TYPES_H 1
| #define HAVE_SYS_STAT_H 1
| #define HAVE_STDLIB_H 1
| #define HAVE_STRING_H 1
| #define HAVE_MEMORY_H 1
| #define HAVE_STRINGS_H 1
| #define HAVE_INTTYPES_H 1
| #define HAVE_STDINT_H 1
| #define HAVE_UNISTD_H 1
| #define HAVE_LIBINTL_H 1
| #define HAVE_STDLIB_H 1
| #define HAVE_STRING_H 1
| #define HAVE_SYS_TIME_H 1
| #define HAVE_UNISTD_H 1
| #define TIME_WITH_SYS_TIME 1
| #define HAVE_ALLOCA_H 1
| #define HAVE_ALLOCA 1
| #define HAVE_UNISTD_H 1
| #define HAVE_FORK 1
| #define HAVE_VFORK 1
| #define HAVE_WORKING_VFORK 1
| #define HAVE_WORKING_FORK 1
| #define HAVE_SYS_SELECT_H 1
| #define HAVE_SYS_SOCKET_H 1
| #define SELECT_TYPE_ARG1 int
| #define SELECT_TYPE_ARG234 (fd_set *)
| #define SELECT_TYPE_ARG5 (struct timeval *)
| #define RETSIGTYPE void
| #define LSTAT_FOLLOWS_SLASHED_SYMLINK 1
| #define HAVE_ALARM 1
| #define HAVE_GETCWD 1
| #define HAVE_GETTIMEOFDAY 1
| #define HAVE_MEMSET 1
| #define HAVE_MKDIR 1
| #define HAVE_SELECT 1
| #define HAVE_SETENV 1
| #define HAVE_SETLOCALE 1
| #define HAVE_STRCASECMP 1
| #define HAVE_STRDUP 1
| #define HAVE_STRPBRK 1
| #define HAVE_STRSTR 1
| #define ENABLE_NLS 1
| /* end confdefs.h.  */
| #include <apm.h>
configure:6452: result: no
configure:6487: checking for apm.h
configure:6494: result: no
configure:6532: checking apmvar.h usability
configure:6544: gcc -c -g -O2  conftest.c >&5
conftest.c:91:20: apmvar.h: No such file or directory
configure:6550: $? = 1
configure: failed program was:
| /* confdefs.h.  */
| 
| #define PACKAGE_NAME "matchbox-panel"
| #define PACKAGE_TARNAME "matchbox-panel"
| #define PACKAGE_VERSION "0.9.3"
| #define PACKAGE_STRING "matchbox-panel 0.9.3"
| #define PACKAGE_BUGREPORT "mallum@handhelds.org"
| #define PACKAGE "matchbox-panel"
| #define VERSION "0.9.3"
| #define _GNU_SOURCE 1
| #define HAVE_DIRENT_H 1
| #define STDC_HEADERS 1
| #define HAVE_SYS_WAIT_H 1
| #define HAVE_SYS_TYPES_H 1
| #define HAVE_SYS_STAT_H 1
| #define HAVE_STDLIB_H 1
| #define HAVE_STRING_H 1
| #define HAVE_MEMORY_H 1
| #define HAVE_STRINGS_H 1
| #define HAVE_INTTYPES_H 1
| #define HAVE_STDINT_H 1
| #define HAVE_UNISTD_H 1
| #define HAVE_LIBINTL_H 1
| #define HAVE_STDLIB_H 1
| #define HAVE_STRING_H 1
| #define HAVE_SYS_TIME_H 1
| #define HAVE_UNISTD_H 1
| #define TIME_WITH_SYS_TIME 1
| #define HAVE_ALLOCA_H 1
| #define HAVE_ALLOCA 1
| #define HAVE_UNISTD_H 1
| #define HAVE_FORK 1
| #define HAVE_VFORK 1
| #define HAVE_WORKING_VFORK 1
| #define HAVE_WORKING_FORK 1
| #define HAVE_SYS_SELECT_H 1
| #define HAVE_SYS_SOCKET_H 1
| #define SELECT_TYPE_ARG1 int
| #define SELECT_TYPE_ARG234 (fd_set *)
| #define SELECT_TYPE_ARG5 (struct timeval *)
| #define RETSIGTYPE void
| #define LSTAT_FOLLOWS_SLASHED_SYMLINK 1
| #define HAVE_ALARM 1
| #define HAVE_GETCWD 1
| #define HAVE_GETTIMEOFDAY 1
| #define HAVE_MEMSET 1
| #define HAVE_MKDIR 1
| #define HAVE_SELECT 1
| #define HAVE_SETENV 1
| #define HAVE_SETLOCALE 1
| #define HAVE_STRCASECMP 1
| #define HAVE_STRDUP 1
| #define HAVE_STRPBRK 1
| #define HAVE_STRSTR 1
| #define ENABLE_NLS 1
| /* end confdefs.h.  */
| #include <stdio.h>
| #if HAVE_SYS_TYPES_H
| # include <sys/types.h>
| #endif
| #if HAVE_SYS_STAT_H
| # include <sys/stat.h>
| #endif
| #if STDC_HEADERS
| # include <stdlib.h>
| # include <stddef.h>
| #else
| # if HAVE_STDLIB_H
| #  include <stdlib.h>
| # endif
| #endif
| #if HAVE_STRING_H
| # if !STDC_HEADERS && HAVE_MEMORY_H
| #  include <memory.h>
| # endif
| # include <string.h>
| #endif
| #if HAVE_STRINGS_H
| # include <strings.h>
| #endif
| #if HAVE_INTTYPES_H
| # include <inttypes.h>
| #else
| # if HAVE_STDINT_H
| #  include <stdint.h>
| # endif
| #endif
| #if HAVE_UNISTD_H
| # include <unistd.h>
| #endif
| #include <apmvar.h>
configure:6572: result: no
configure:6576: checking apmvar.h presence
configure:6586: gcc -E  conftest.c
conftest.c:57:20: apmvar.h: No such file or directory
configure:6592: $? = 1
configure: failed program was:
| /* confdefs.h.  */
| 
| #define PACKAGE_NAME "matchbox-panel"
| #define PACKAGE_TARNAME "matchbox-panel"
| #define PACKAGE_VERSION "0.9.3"
| #define PACKAGE_STRING "matchbox-panel 0.9.3"
| #define PACKAGE_BUGREPORT "mallum@handhelds.org"
| #define PACKAGE "matchbox-panel"
| #define VERSION "0.9.3"
| #define _GNU_SOURCE 1
| #define HAVE_DIRENT_H 1
| #define STDC_HEADERS 1
| #define HAVE_SYS_WAIT_H 1
| #define HAVE_SYS_TYPES_H 1
| #define HAVE_SYS_STAT_H 1
| #define HAVE_STDLIB_H 1
| #define HAVE_STRING_H 1
| #define HAVE_MEMORY_H 1
| #define HAVE_STRINGS_H 1
| #define HAVE_INTTYPES_H 1
| #define HAVE_STDINT_H 1
| #define HAVE_UNISTD_H 1
| #define HAVE_LIBINTL_H 1
| #define HAVE_STDLIB_H 1
| #define HAVE_STRING_H 1
| #define HAVE_SYS_TIME_H 1
| #define HAVE_UNISTD_H 1
| #define TIME_WITH_SYS_TIME 1
| #define HAVE_ALLOCA_H 1
| #define HAVE_ALLOCA 1
| #define HAVE_UNISTD_H 1
| #define HAVE_FORK 1
| #define HAVE_VFORK 1
| #define HAVE_WORKING_VFORK 1
| #define HAVE_WORKING_FORK 1
| #define HAVE_SYS_SELECT_H 1
| #define HAVE_SYS_SOCKET_H 1
| #define SELECT_TYPE_ARG1 int
| #define SELECT_TYPE_ARG234 (fd_set *)
| #define SELECT_TYPE_ARG5 (struct timeval *)
| #define RETSIGTYPE void
| #define LSTAT_FOLLOWS_SLASHED_SYMLINK 1
| #define HAVE_ALARM 1
| #define HAVE_GETCWD 1
| #define HAVE_GETTIMEOFDAY 1
| #define HAVE_MEMSET 1
| #define HAVE_MKDIR 1
| #define HAVE_SELECT 1
| #define HAVE_SETENV 1
| #define HAVE_SETLOCALE 1
| #define HAVE_STRCASECMP 1
| #define HAVE_STRDUP 1
| #define HAVE_STRPBRK 1
| #define HAVE_STRSTR 1
| #define ENABLE_NLS 1
| /* end confdefs.h.  */
| #include <apmvar.h>
configure:6612: result: no
configure:6647: checking for apmvar.h
configure:6654: result: no
configure:6719: checking iwlib.h usability
configure:6731: gcc -c -g -O2  conftest.c >&5
conftest.c:91:19: iwlib.h: No such file or directory
configure:6737: $? = 1
configure: failed program was:
| /* confdefs.h.  */
| 
| #define PACKAGE_NAME "matchbox-panel"
| #define PACKAGE_TARNAME "matchbox-panel"
| #define PACKAGE_VERSION "0.9.3"
| #define PACKAGE_STRING "matchbox-panel 0.9.3"
| #define PACKAGE_BUGREPORT "mallum@handhelds.org"
| #define PACKAGE "matchbox-panel"
| #define VERSION "0.9.3"
| #define _GNU_SOURCE 1
| #define HAVE_DIRENT_H 1
| #define STDC_HEADERS 1
| #define HAVE_SYS_WAIT_H 1
| #define HAVE_SYS_TYPES_H 1
| #define HAVE_SYS_STAT_H 1
| #define HAVE_STDLIB_H 1
| #define HAVE_STRING_H 1
| #define HAVE_MEMORY_H 1
| #define HAVE_STRINGS_H 1
| #define HAVE_INTTYPES_H 1
| #define HAVE_STDINT_H 1
| #define HAVE_UNISTD_H 1
| #define HAVE_LIBINTL_H 1
| #define HAVE_STDLIB_H 1
| #define HAVE_STRING_H 1
| #define HAVE_SYS_TIME_H 1
| #define HAVE_UNISTD_H 1
| #define TIME_WITH_SYS_TIME 1
| #define HAVE_ALLOCA_H 1
| #define HAVE_ALLOCA 1
| #define HAVE_UNISTD_H 1
| #define HAVE_FORK 1
| #define HAVE_VFORK 1
| #define HAVE_WORKING_VFORK 1
| #define HAVE_WORKING_FORK 1
| #define HAVE_SYS_SELECT_H 1
| #define HAVE_SYS_SOCKET_H 1
| #define SELECT_TYPE_ARG1 int
| #define SELECT_TYPE_ARG234 (fd_set *)
| #define SELECT_TYPE_ARG5 (struct timeval *)
| #define RETSIGTYPE void
| #define LSTAT_FOLLOWS_SLASHED_SYMLINK 1
| #define HAVE_ALARM 1
| #define HAVE_GETCWD 1
| #define HAVE_GETTIMEOFDAY 1
| #define HAVE_MEMSET 1
| #define HAVE_MKDIR 1
| #define HAVE_SELECT 1
| #define HAVE_SETENV 1
| #define HAVE_SETLOCALE 1
| #define HAVE_STRCASECMP 1
| #define HAVE_STRDUP 1
| #define HAVE_STRPBRK 1
| #define HAVE_STRSTR 1
| #define ENABLE_NLS 1
| /* end confdefs.h.  */
| #include <stdio.h>
| #if HAVE_SYS_TYPES_H
| # include <sys/types.h>
| #endif
| #if HAVE_SYS_STAT_H
| # include <sys/stat.h>
| #endif
| #if STDC_HEADERS
| # include <stdlib.h>
| # include <stddef.h>
| #else
| # if HAVE_STDLIB_H
| #  include <stdlib.h>
| # endif
| #endif
| #if HAVE_STRING_H
| # if !STDC_HEADERS && HAVE_MEMORY_H
| #  include <memory.h>
| # endif
| # include <string.h>
| #endif
| #if HAVE_STRINGS_H
| # include <strings.h>
| #endif
| #if HAVE_INTTYPES_H
| # include <inttypes.h>
| #else
| # if HAVE_STDINT_H
| #  include <stdint.h>
| # endif
| #endif
| #if HAVE_UNISTD_H
| # include <unistd.h>
| #endif
| #include <iwlib.h>
configure:6759: result: no
configure:6763: checking iwlib.h presence
configure:6773: gcc -E  conftest.c
conftest.c:57:19: iwlib.h: No such file or directory
configure:6779: $? = 1
configure: failed program was:
| /* confdefs.h.  */
| 
| #define PACKAGE_NAME "matchbox-panel"
| #define PACKAGE_TARNAME "matchbox-panel"
| #define PACKAGE_VERSION "0.9.3"
| #define PACKAGE_STRING "matchbox-panel 0.9.3"
| #define PACKAGE_BUGREPORT "mallum@handhelds.org"
| #define PACKAGE "matchbox-panel"
| #define VERSION "0.9.3"
| #define _GNU_SOURCE 1
| #define HAVE_DIRENT_H 1
| #define STDC_HEADERS 1
| #define HAVE_SYS_WAIT_H 1
| #define HAVE_SYS_TYPES_H 1
| #define HAVE_SYS_STAT_H 1
| #define HAVE_STDLIB_H 1
| #define HAVE_STRING_H 1
| #define HAVE_MEMORY_H 1
| #define HAVE_STRINGS_H 1
| #define HAVE_INTTYPES_H 1
| #define HAVE_STDINT_H 1
| #define HAVE_UNISTD_H 1
| #define HAVE_LIBINTL_H 1
| #define HAVE_STDLIB_H 1
| #define HAVE_STRING_H 1
| #define HAVE_SYS_TIME_H 1
| #define HAVE_UNISTD_H 1
| #define TIME_WITH_SYS_TIME 1
| #define HAVE_ALLOCA_H 1
| #define HAVE_ALLOCA 1
| #define HAVE_UNISTD_H 1
| #define HAVE_FORK 1
| #define HAVE_VFORK 1
| #define HAVE_WORKING_VFORK 1
| #define HAVE_WORKING_FORK 1
| #define HAVE_SYS_SELECT_H 1
| #define HAVE_SYS_SOCKET_H 1
| #define SELECT_TYPE_ARG1 int
| #define SELECT_TYPE_ARG234 (fd_set *)
| #define SELECT_TYPE_ARG5 (struct timeval *)
| #define RETSIGTYPE void
| #define LSTAT_FOLLOWS_SLASHED_SYMLINK 1
| #define HAVE_ALARM 1
| #define HAVE_GETCWD 1
| #define HAVE_GETTIMEOFDAY 1
| #define HAVE_MEMSET 1
| #define HAVE_MKDIR 1
| #define HAVE_SELECT 1
| #define HAVE_SETENV 1
| #define HAVE_SETLOCALE 1
| #define HAVE_STRCASECMP 1
| #define HAVE_STRDUP 1
| #define HAVE_STRPBRK 1
| #define HAVE_STRSTR 1
| #define ENABLE_NLS 1
| /* end confdefs.h.  */
| #include <iwlib.h>
configure:6799: result: no
configure:6834: checking for iwlib.h
configure:6841: result: no
configure:6856: checking for iw_sockets_open in -liw
configure:6886: gcc -o conftest -g -O2   conftest.c -liw   >&5
/usr/bin/ld: cannot find -liw
collect2: ld returned 1 exit status
configure:6892: $? = 1
configure: failed program was:
| /* confdefs.h.  */
| 
| #define PACKAGE_NAME "matchbox-panel"
| #define PACKAGE_TARNAME "matchbox-panel"
| #define PACKAGE_VERSION "0.9.3"
| #define PACKAGE_STRING "matchbox-panel 0.9.3"
| #define PACKAGE_BUGREPORT "mallum@handhelds.org"
| #define PACKAGE "matchbox-panel"
| #define VERSION "0.9.3"
| #define _GNU_SOURCE 1
| #define HAVE_DIRENT_H 1
| #define STDC_HEADERS 1
| #define HAVE_SYS_WAIT_H 1
| #define HAVE_SYS_TYPES_H 1
| #define HAVE_SYS_STAT_H 1
| #define HAVE_STDLIB_H 1
| #define HAVE_STRING_H 1
| #define HAVE_MEMORY_H 1
| #define HAVE_STRINGS_H 1
| #define HAVE_INTTYPES_H 1
| #define HAVE_STDINT_H 1
| #define HAVE_UNISTD_H 1
| #define HAVE_LIBINTL_H 1
| #define HAVE_STDLIB_H 1
| #define HAVE_STRING_H 1
| #define HAVE_SYS_TIME_H 1
| #define HAVE_UNISTD_H 1
| #define TIME_WITH_SYS_TIME 1
| #define HAVE_ALLOCA_H 1
| #define HAVE_ALLOCA 1
| #define HAVE_UNISTD_H 1
| #define HAVE_FORK 1
| #define HAVE_VFORK 1
| #define HAVE_WORKING_VFORK 1
| #define HAVE_WORKING_FORK 1
| #define HAVE_SYS_SELECT_H 1
| #define HAVE_SYS_SOCKET_H 1
| #define SELECT_TYPE_ARG1 int
| #define SELECT_TYPE_ARG234 (fd_set *)
| #define SELECT_TYPE_ARG5 (struct timeval *)
| #define RETSIGTYPE void
| #define LSTAT_FOLLOWS_SLASHED_SYMLINK 1
| #define HAVE_ALARM 1
| #define HAVE_GETCWD 1
| #define HAVE_GETTIMEOFDAY 1
| #define HAVE_MEMSET 1
| #define HAVE_MKDIR 1
| #define HAVE_SELECT 1
| #define HAVE_SETENV 1
| #define HAVE_SETLOCALE 1
| #define HAVE_STRCASECMP 1
| #define HAVE_STRDUP 1
| #define HAVE_STRPBRK 1
| #define HAVE_STRSTR 1
| #define ENABLE_NLS 1
| /* end confdefs.h.  */
| 
| /* Override any gcc2 internal prototype to avoid an error.  */
| #ifdef __cplusplus
| extern "C"
| #endif
| /* We use char because int might match the return type of a gcc2
|    builtin and then its argument prototype would still apply.  */
| char iw_sockets_open ();
| int
| main ()
| {
| iw_sockets_open ();
|   ;
|   return 0;
| }
configure:6917: result: no
configure:7118: creating ./config.status

## ---------------------- ##
## Running config.status. ##
## ---------------------- ##

This file was extended by matchbox-panel config.status 0.9.3, which was
generated by GNU Autoconf 2.59.  Invocation command line was

  CONFIG_FILES    = 
  CONFIG_HEADERS  = 
  CONFIG_LINKS    = 
  CONFIG_COMMANDS = 
  $ ./config.status 

on debian-steven

config.status:760: creating Makefile
config.status:760: creating src/Makefile
config.status:760: creating applets/Makefile
config.status:760: creating applets/dotdesktop/Makefile
config.status:760: creating applets/icons/Makefile
config.status:760: creating applets/small-icons/Makefile
config.status:760: creating po/Makefile
config.status:826: creating config.h
config.status:1202: executing depfiles commands

## ---------------- ##
## Cache variables. ##
## ---------------- ##

ac_cv_c_compiler_gnu=yes
ac_cv_c_const=yes
ac_cv_env_CC_set=
ac_cv_env_CC_value=
ac_cv_env_CFLAGS_set=
ac_cv_env_CFLAGS_value=
ac_cv_env_CPPFLAGS_set=
ac_cv_env_CPPFLAGS_value=
ac_cv_env_CPP_set=
ac_cv_env_CPP_value=
ac_cv_env_LDFLAGS_set=
ac_cv_env_LDFLAGS_value=
ac_cv_env_LIBMB_CFLAGS_set=
ac_cv_env_LIBMB_CFLAGS_value=
ac_cv_env_LIBMB_LIBS_set=
ac_cv_env_LIBMB_LIBS_value=
ac_cv_env_PKG_CONFIG_set=
ac_cv_env_PKG_CONFIG_value=
ac_cv_env_SN_CFLAGS_set=
ac_cv_env_SN_CFLAGS_value=
ac_cv_env_SN_LIBS_set=
ac_cv_env_SN_LIBS_value=
ac_cv_env_build_alias_set=
ac_cv_env_build_alias_value=
ac_cv_env_host_alias_set=
ac_cv_env_host_alias_value=
ac_cv_env_target_alias_set=
ac_cv_env_target_alias_value=
ac_cv_exeext=
ac_cv_func_alarm=yes
ac_cv_func_alloca_works=yes
ac_cv_func_closedir_void=no
ac_cv_func_fork=yes
ac_cv_func_fork_works=yes
ac_cv_func_getcwd=yes
ac_cv_func_gettext=yes
ac_cv_func_gettimeofday=yes
ac_cv_func_lstat_dereferences_slashed_symlink=yes
ac_cv_func_memset=yes
ac_cv_func_mkdir=yes
ac_cv_func_select=yes
ac_cv_func_select_args='int,fd_set *,struct timeval *'
ac_cv_func_setenv=yes
ac_cv_func_setlocale=yes
ac_cv_func_stat_empty_string_bug=no
ac_cv_func_strcasecmp=yes
ac_cv_func_strdup=yes
ac_cv_func_strpbrk=yes
ac_cv_func_strstr=yes
ac_cv_func_vfork=yes
ac_cv_func_vfork_works=yes
ac_cv_header_apm_h=no
ac_cv_header_apmvar_h=no
ac_cv_header_dirent_dirent_h=yes
ac_cv_header_inttypes_h=yes
ac_cv_header_iwlib_h=no
ac_cv_header_libintl_h=yes
ac_cv_header_memory_h=yes
ac_cv_header_stdc=yes
ac_cv_header_stdint_h=yes
ac_cv_header_stdlib_h=yes
ac_cv_header_string_h=yes
ac_cv_header_strings_h=yes
ac_cv_header_sys_select_h=yes
ac_cv_header_sys_socket_h=yes
ac_cv_header_sys_stat_h=yes
ac_cv_header_sys_time_h=yes
ac_cv_header_sys_types_h=yes
ac_cv_header_sys_wait_h=yes
ac_cv_header_time=yes
ac_cv_header_unistd_h=yes
ac_cv_header_vfork_h=no
ac_cv_lib_iw_iw_sockets_open=no
ac_cv_objext=o
ac_cv_path_ac_pt_PKG_CONFIG=/usr/bin/pkg-config
ac_cv_path_install='/usr/bin/install -c'
ac_cv_prog_AWK=mawk
ac_cv_prog_CPP='gcc -E'
ac_cv_prog_MSGFMT=msgfmt
ac_cv_prog_MSGMERGE=msgmerge
ac_cv_prog_XGETTEXT=xgettext
ac_cv_prog_ac_ct_CC=gcc
ac_cv_prog_cc_g=yes
ac_cv_prog_cc_stdc=
ac_cv_prog_egrep='grep -E'
ac_cv_prog_make_make_set=yes
ac_cv_search_opendir='none required'
ac_cv_type_pid_t=yes
ac_cv_type_signal=void
ac_cv_working_alloca_h=yes
am_cv_CC_dependencies_compiler_type=gcc3
pkg_cv_LIBMB_CFLAGS='-I/usr/include/pango-1.0 -I/usr/include/freetype2 -I/usr/X11R6/include -I/usr/include/glib-2.0 -I/usr/lib/glib-2.0/include  '
pkg_cv_LIBMB_LIBS='-L/usr/X11R6/lib -lmb -lX11 -lXext -lpng -lz -ljpeg -lpangoxft-1.0 -lpango-1.0 -lgobject-2.0 -lgmodule-2.0 -ldl -lglib-2.0  '

## ----------------- ##
## Output variables. ##
## ----------------- ##

ACLOCAL='${SHELL} /home/mbox/matchbox-panel-0.9.3/missing --run aclocal-1.9'
ALLOCA=''
AMDEPBACKSLASH='\'
AMDEP_FALSE='#'
AMDEP_TRUE=''
AMTAR='${SHELL} /home/mbox/matchbox-panel-0.9.3/missing --run tar'
AUTOCONF='${SHELL} /home/mbox/matchbox-panel-0.9.3/missing --run autoconf'
AUTOHEADER='${SHELL} /home/mbox/matchbox-panel-0.9.3/missing --run autoheader'
AUTOMAKE='${SHELL} /home/mbox/matchbox-panel-0.9.3/missing --run automake-1.9'
AWK='mawk'
CC='gcc'
CCDEPMODE='depmode=gcc3'
CFLAGS='-g -O2'
CPP='gcc -E'
CPPFLAGS=''
CYGPATH_W='echo'
DEFS='-DHAVE_CONFIG_H'
DEPDIR='.deps'
ECHO_C=''
ECHO_N='-n'
ECHO_T=''
EGREP='grep -E'
EXEEXT=''
INSTALL_DATA='${INSTALL} -m 644'
INSTALL_PROGRAM='${INSTALL}'
INSTALL_SCRIPT='${INSTALL}'
INSTALL_STRIP_PROGRAM='${SHELL} $(install_sh) -c -s'
INTLIBS=''
LDFLAGS=''
LIBMB_CFLAGS='-g -Wall -fno-strict-aliasing -I/usr/include/pango-1.0 -I/usr/include/freetype2 -I/usr/X11R6/include -I/usr/include/glib-2.0 -I/usr/lib/glib-2.0/include  '
LIBMB_LIBS='-L/usr/X11R6/lib -lmb -lX11 -lXext -lpng -lz -ljpeg -lpangoxft-1.0 -lpango-1.0 -lgobject-2.0 -lgmodule-2.0 -ldl -lglib-2.0  '
LIBOBJS=''
LIBS=''
LTLIBOBJS=''
MAINT='#'
MAINTAINER_MODE_FALSE=''
MAINTAINER_MODE_TRUE='#'
MAKEINFO='${SHELL} /home/mbox/matchbox-panel-0.9.3/missing --run makeinfo'
MOFILES=' en_GB.mo es_ES.mo fi_FI.mo de.mo cs.mo fr_FR.mo zh_TW.mo'
MSGFMT='msgfmt'
MSGMERGE='msgmerge'
OBJEXT='o'
PACKAGE='matchbox-panel'
PACKAGE_BUGREPORT='mallum@handhelds.org'
PACKAGE_NAME='matchbox-panel'
PACKAGE_STRING='matchbox-panel 0.9.3'
PACKAGE_TARNAME='matchbox-panel'
PACKAGE_VERSION='0.9.3'
PATH_SEPARATOR=':'
PKG_CONFIG='/usr/bin/pkg-config'
SET_MAKE=''
SHELL='/bin/sh'
SN_CFLAGS=''
SN_LIBS=''
STRIP=''
VERSION='0.9.3'
WANT_ACPI_FALSE=''
WANT_ACPI_TRUE='#'
WANT_APM_FALSE=''
WANT_APM_TRUE='#'
WANT_PNGS_FALSE='#'
WANT_PNGS_TRUE=''
WANT_SMALL_ICONS_FALSE='#'
WANT_SMALL_ICONS_TRUE=''
WANT_WIFI_FALSE=''
WANT_WIFI_TRUE='#'
WIRELESS_LIBS=''
XGETTEXT='xgettext'
ac_ct_CC='gcc'
ac_ct_STRIP=''
ac_pt_PKG_CONFIG='/usr/bin/pkg-config'
am__fastdepCC_FALSE='#'
am__fastdepCC_TRUE=''
am__include='include'
am__leading_dot='.'
am__quote=''
am__tar='${AMTAR} chof - "$$tardir"'
am__untar='${AMTAR} xf -'
bindir='${exec_prefix}/bin'
build_alias=''
datadir='${prefix}/share'
exec_prefix='${prefix}'
host_alias=''
includedir='${prefix}/include'
infodir='${prefix}/info'
install_sh='/home/mbox/matchbox-panel-0.9.3/install-sh'
libdir='${exec_prefix}/lib'
libexecdir='${exec_prefix}/libexec'
localstatedir='${prefix}/var'
mandir='${prefix}/man'
mkdir_p='mkdir -p --'
oldincludedir='/usr/include'
prefix='/usr'
program_transform_name='s,x,x,'
sbindir='${exec_prefix}/sbin'
sharedstatedir='${prefix}/com'
sysconfdir='${prefix}/etc'
target_alias=''

## ----------- ##
## confdefs.h. ##
## ----------- ##

#define ENABLE_NLS 1
#define HAVE_ALARM 1
#define HAVE_ALLOCA 1
#define HAVE_ALLOCA_H 1
#define HAVE_DIRENT_H 1
#define HAVE_FORK 1
#define HAVE_GETCWD 1
#define HAVE_GETTIMEOFDAY 1
#define HAVE_INTTYPES_H 1
#define HAVE_LIBINTL_H 1
#define HAVE_MEMORY_H 1
#define HAVE_MEMSET 1
#define HAVE_MKDIR 1
#define HAVE_SELECT 1
#define HAVE_SETENV 1
#define HAVE_SETLOCALE 1
#define HAVE_STDINT_H 1
#define HAVE_STDLIB_H 1
#define HAVE_STDLIB_H 1
#define HAVE_STRCASECMP 1
#define HAVE_STRDUP 1
#define HAVE_STRINGS_H 1
#define HAVE_STRING_H 1
#define HAVE_STRING_H 1
#define HAVE_STRPBRK 1
#define HAVE_STRSTR 1
#define HAVE_SYS_SELECT_H 1
#define HAVE_SYS_SOCKET_H 1
#define HAVE_SYS_STAT_H 1
#define HAVE_SYS_TIME_H 1
#define HAVE_SYS_TYPES_H 1
#define HAVE_SYS_WAIT_H 1
#define HAVE_UNISTD_H 1
#define HAVE_UNISTD_H 1
#define HAVE_UNISTD_H 1
#define HAVE_VFORK 1
#define HAVE_WORKING_FORK 1
#define HAVE_WORKING_VFORK 1
#define LSTAT_FOLLOWS_SLASHED_SYMLINK 1
#define PACKAGE "matchbox-panel"
#define PACKAGE_BUGREPORT "mallum@handhelds.org"
#define PACKAGE_NAME "matchbox-panel"
#define PACKAGE_STRING "matchbox-panel 0.9.3"
#define PACKAGE_TARNAME "matchbox-panel"
#define PACKAGE_VERSION "0.9.3"
#define RETSIGTYPE void
#define SELECT_TYPE_ARG1 int
#define SELECT_TYPE_ARG234 (fd_set *)
#define SELECT_TYPE_ARG5 (struct timeval *)
#define STDC_HEADERS 1
#define TIME_WITH_SYS_TIME 1
#define VERSION "0.9.3"
#define _GNU_SOURCE 1

configure: exit 0
